<?xml version="1.0" encoding="UTF-8"?>
<!-- Generated by org.testng.reporters.JUnitReportReporter -->
<testsuite hostname="L-KESHAVKU-ILB" name="FirstTest" tests="1" failures="0" timestamp="2 Feb 2015 09:54:16 GMT" time="5.502" errors="0">
  <testcase name="main" time="5.502" classname="FirstTest"/>
</testsuite>
